[INFO ] 2020-11-07 16:20:27.404 [main] LogThis - A new user account created formike jones
[INFO ] 2020-11-07 16:20:27.407 [main] LogThis - mike jones account was created!
[INFO ] 2020-11-07 17:34:15.130 [main] LogThis - A new user account created formike jones
[INFO ] 2020-11-07 17:34:15.132 [main] LogThis - mike jones account was created!
[INFO ] 2020-11-08 11:24:03.648 [main] LogThis - A new user account created forMike jones
[INFO ] 2020-11-08 11:24:03.651 [main] LogThis - Mike jones account was created!
[INFO ] 2020-11-08 16:25:41.121 [main] LogThis - A new user account created formike jones
[INFO ] 2020-11-08 16:25:41.123 [main] LogThis - mike jones account was created!
[INFO ] 2020-11-08 16:30:42.773 [main] LogThis - A new user account created formike jones III
[INFO ] 2020-11-08 16:30:42.787 [main] LogThis - mike jones III account was created!
[INFO ] 2020-11-08 16:31:06.827 [main] LogThis - Login Failed for aquamiguel@gmail.com
[INFO ] 2020-11-08 16:31:06.827 [main] LogThis - Customer login failed
[INFO ] 2020-11-08 16:36:52.878 [main] LogThis - Login Failed for aquamiguel@gmail.com
[INFO ] 2020-11-08 16:36:52.881 [main] LogThis - Customer login failed
[INFO ] 2020-11-08 16:37:23.737 [main] LogThis - A new user account created formike jones
[INFO ] 2020-11-08 16:37:23.739 [main] LogThis - mike jones account was created!
[INFO ] 2020-11-08 16:37:29.691 [main] LogThis - Login Failed for m@gmail.com
[INFO ] 2020-11-08 16:37:29.691 [main] LogThis - Customer login failed
[INFO ] 2020-11-08 16:40:47.888 [main] LogThis - Login Failed for m@gmail.com
[INFO ] 2020-11-08 16:40:47.890 [main] LogThis - Customer login failed
[INFO ] 2020-11-08 16:43:21.979 [main] LogThis - Login Failed for m@gmail.com
[INFO ] 2020-11-08 16:43:21.983 [main] LogThis - Customer login failed
[INFO ] 2020-11-08 16:46:42.797 [main] LogThis - A new user account created fornick jones
[INFO ] 2020-11-08 16:46:42.807 [main] LogThis - nick jones account was created!
[INFO ] 2020-11-08 16:47:59.837 [main] LogThis - Login Successful for aquanick@gmail.com
[INFO ] 2020-11-08 16:49:59.232 [main] LogThis - Login Successful for aquanick@gmail.com
[INFO ] 2020-11-08 17:53:40.746 [main] LogThis - A new bank account created formike jonesAccountNum:1000
[INFO ] 2020-11-08 17:54:52.645 [main] LogThis - A new bank account created fornick jonesAccountNum:1001
[INFO ] 2020-11-08 18:02:29.817 [main] LogThis - A new bank account created formike jonesAccountNum:1003
[INFO ] 2020-11-08 18:04:44.180 [main] LogThis - A new bank account created formike jonesAccountNum:1005
[INFO ] 2020-11-08 18:10:08.636 [main] LogThis - A new user account created formike jones
[INFO ] 2020-11-08 18:10:08.638 [main] LogThis - mike jones account was created!
[INFO ] 2020-11-08 18:10:45.799 [main] LogThis - Login Successful for abc@abc.com
[INFO ] 2020-11-08 18:13:10.309 [main] LogThis - A new bank account created formike jonesAccountNum:1007
[INFO ] 2020-11-08 18:20:19.503 [main] LogThis - A new user account created for mike jones
[INFO ] 2020-11-08 18:20:19.506 [main] LogThis - mike jones account was created!
[INFO ] 2020-11-08 18:20:37.508 [main] LogThis - Login Successful for 123@1.com
[INFO ] 2020-11-08 18:20:37.508 [main] LogThis - Customer login failed
[INFO ] 2020-11-08 18:21:11.708 [main] LogThis - A new bank account created formike jonesAccountNum:1008
[INFO ] 2020-11-08 18:27:43.233 [main] LogThis - A new user account created for jack jack
[INFO ] 2020-11-08 18:27:43.235 [main] LogThis - jack jack account was created!
[INFO ] 2020-11-08 18:28:17.667 [main] LogThis - A new user account created for sam jones
[INFO ] 2020-11-08 18:28:17.668 [main] LogThis - sam jones account was created!
[INFO ] 2020-11-08 18:28:35.839 [main] LogThis - A new bank account created forsam jonesAccountNum:1009
[INFO ] 2020-11-08 18:28:35.841 [main] LogThis - Account Number changed for customer sam jones
[INFO ] 2020-11-08 18:29:47.226 [main] LogThis - Login Successful for sam@sam.com
[INFO ] 2020-11-08 18:32:10.697 [main] LogThis - Login Successful for sam@sam.com
[INFO ] 2020-11-08 18:32:24.818 [main] LogThis - A deposit has been made 1000added to account 1009
[INFO ] 2020-11-08 18:32:38.574 [main] LogThis - Balance was withdrawn $500from 1009
[INFO ] 2020-11-08 18:35:39.207 [main] LogThis - A deposit has been made 5000added to account 1009
[INFO ] 2020-11-08 18:43:05.031 [main] LogThis - A new bank account created for jack jackAccountNum: 1010
[INFO ] 2020-11-08 18:43:05.039 [main] LogThis - Account Number changed for customer jack jack
[INFO ] 2020-11-08 19:39:25.082 [main] LogThis - Account deleted in both customer and bank account1009
[INFO ] 2020-11-08 20:08:06.917 [main] LogThis - A new user account created for sam jack
[INFO ] 2020-11-08 20:08:06.919 [main] LogThis - sam jack account was created!
[INFO ] 2020-11-08 20:20:09.846 [main] LogThis - A new user account created for kate sams
[INFO ] 2020-11-08 20:20:09.849 [main] LogThis - kate sams account was created!
[INFO ] 2020-11-08 20:25:47.423 [main] LogThis - A new bank account created for sam jackAccountNum: 1010
[INFO ] 2020-11-08 20:25:47.429 [main] LogThis - Account Number changed for customer sam jack
[INFO ] 2020-11-08 20:40:23.537 [main] LogThis - Login Successful for asd1@gmail.com
[INFO ] 2020-11-08 20:41:01.708 [main] LogThis - Login Successful for asd1@gmail.com
[INFO ] 2020-11-08 20:43:39.823 [main] LogThis - Account denied for user: mike jones
[INFO ] 2020-11-08 20:43:39.828 [main] LogThis - Account Number changed for customer mike jones
[INFO ] 2020-11-08 20:59:27.262 [main] LogThis - A new bank account created for kate samsAccountNum: 1010
[INFO ] 2020-11-08 20:59:27.269 [main] LogThis - Account Number changed for customer kate sams
[INFO ] 2020-11-08 21:00:44.216 [main] LogThis - Account deleted in both customer and bank account1000
[INFO ] 2020-11-08 21:03:22.571 [main] LogThis - A new user account created for Sam Fisher
[INFO ] 2020-11-08 21:03:22.574 [main] LogThis - Sam Fisher account was created!
[INFO ] 2020-11-08 21:03:58.790 [main] LogThis - A new user account created for Jan Fisher
[INFO ] 2020-11-08 21:03:58.791 [main] LogThis - Jan Fisher account was created!
[INFO ] 2020-11-08 21:04:14.058 [main] LogThis - A new bank account created for Sam FisherAccountNum: 1001
[INFO ] 2020-11-08 21:04:14.059 [main] LogThis - Account Number changed for customer Sam Fisher
[INFO ] 2020-11-08 21:04:40.966 [main] LogThis - Login Successful for sfisher@gmail.com
[INFO ] 2020-11-08 21:04:53.190 [main] LogThis - A deposit has been made 1000added to account 1001
[INFO ] 2020-11-08 21:04:58.142 [main] LogThis - Balance was withdrawn $200from 1001
[INFO ] 2020-11-08 21:06:32.295 [main] LogThis - Account denied for user: Jan Fisher
[INFO ] 2020-11-08 21:06:32.299 [main] LogThis - Account Number changed for customer Jan Fisher
[INFO ] 2020-11-08 21:06:51.721 [main] LogThis - Login Successful for jfisher@gmail.com
[INFO ] 2020-11-08 21:10:45.976 [main] LogThis - Login Successful for jfisher@gmail.com
[INFO ] 2020-11-08 21:15:26.337 [main] LogThis - Login Successful for jfisher@gmail.com
[INFO ] 2020-11-08 21:16:03.824 [main] LogThis - Login Successful for sfisher@gmail.com
[INFO ] 2020-11-08 21:16:12.080 [main] LogThis - Balance was withdrawn $200from 1001
[INFO ] 2020-11-08 21:19:54.882 [main] LogThis - A deposit has been made 1000added to account 1001
[INFO ] 2020-11-08 21:19:59.647 [main] LogThis - Balance was withdrawn $200from 1001
[INFO ] 2020-11-08 21:20:47.471 [main] LogThis - Login Successful for sfisher@gmail.com
[INFO ] 2020-11-08 21:20:54.042 [main] LogThis - A deposit has been made 10000added to account 1001
[INFO ] 2020-11-08 21:33:40.105 [main] LogThis - A new user account created for Miguel Garcia
[INFO ] 2020-11-08 21:33:40.109 [main] LogThis - Miguel Garcia account was created!
[INFO ] 2020-11-08 21:34:22.372 [main] LogThis - A new bank account created for Miguel GarciaAccountNum: 1001
[INFO ] 2020-11-08 21:34:22.380 [main] LogThis - Account Number changed for customer Miguel Garcia
[INFO ] 2020-11-08 21:35:45.974 [main] LogThis - A new user account created for Kate Brown
[INFO ] 2020-11-08 21:35:45.976 [main] LogThis - Kate Brown account was created!
[INFO ] 2020-11-08 21:36:00.560 [main] LogThis - A new bank account created for Kate BrownAccountNum: 1001
[INFO ] 2020-11-08 21:36:00.562 [main] LogThis - Account Number changed for customer Kate Brown
[INFO ] 2020-11-08 21:37:45.243 [main] LogThis - Account deleted in both customer and bank account1001
[INFO ] 2020-11-08 21:37:52.297 [main] LogThis - Account deleted in both customer and bank account1001
[INFO ] 2020-11-08 21:41:32.176 [main] LogThis - A deposit has been made 500added to account 1001
[INFO ] 2020-11-08 21:43:03.702 [main] LogThis - A new user account created for Gem Fisher
[INFO ] 2020-11-08 21:43:03.703 [main] LogThis - Gem Fisher account was created!
[INFO ] 2020-11-08 21:43:42.029 [main] LogThis - A new bank account created for Gem FisherAccountNum: 1001
[INFO ] 2020-11-08 21:43:42.031 [main] LogThis - Account Number changed for customer Gem Fisher
