[INFO ] 2020-11-15 11:44:52.454 [main] LogThis - New Customer created and added to database for: katfisher
[INFO ] 2020-11-15 12:08:32.198 [main] LogThis - New Employee created and added to database for: miguelgarcia
[INFO ] 2020-11-15 12:11:28.590 [main] LogThis - New Employee created and added to database for: miguel garcia
[INFO ] 2020-11-15 12:11:28.627 [main] LogThis - New employee created for: miguel garcia
[INFO ] 2020-11-15 13:28:28.057 [main] LogThis - Employee logged in number: 1
[INFO ] 2020-11-15 13:30:41.176 [main] LogThis - Login failed
[INFO ] 2020-11-15 14:54:50.308 [main] LogThis - Customer login failed
[INFO ] 2020-11-15 14:57:27.967 [main] LogThis - Customer logged in number: 3
[INFO ] 2020-11-15 14:57:28.238 [main] LogThis - Customer login failed
[INFO ] 2020-11-15 14:59:01.590 [main] LogThis - Customer logged in number: 3
[INFO ] 2020-11-15 16:24:07.916 [main] LogThis - New Customer created and added to database for: miguel garcia
[INFO ] 2020-11-15 16:30:29.337 [main] LogThis - Customer logged in number: 1
[INFO ] 2020-11-15 17:22:05.948 [main] LogThis - Customer logged in number: 1
[INFO ] 2020-11-15 17:24:03.330 [main] LogThis - Customer logged in number: 1
[INFO ] 2020-11-15 17:25:45.867 [main] LogThis - Customer logged in number: 1
[INFO ] 2020-11-15 17:35:33.396 [main] LogThis - Customer logged in number: 1
[INFO ] 2020-11-15 17:42:47.043 [main] LogThis - Customer logged in number: 1
[INFO ] 2020-11-15 18:42:40.199 [main] LogThis - Customer Login failed email used mgarcia@gmail.com
[INFO ] 2020-11-15 18:42:40.201 [main] LogThis - Customer login failed
[INFO ] 2020-11-15 18:42:58.902 [main] LogThis - Customer logged in number: 1
